Bringing machine 'default' up with 'virtualbox' provider...
==> default: Checking if box 'ubuntu/jammy64' version '20241002.0.0' is up to date...
==> default: Running provisioner: shell...
    default: Running: /tmp/vagrant-shell20250614-23982-dm93y9.sh
    default: 
    default: WARNING: apt does not have a stable CLI interface. Use with caution in scripts.
    default: 
    default: Hit:1 http://security.ubuntu.com/ubuntu jammy-security InRelease
    default: Hit:2 http://archive.ubuntu.com/ubuntu jammy InRelease
    default: Hit:3 http://archive.ubuntu.com/ubuntu jammy-updates InRelease
    default: Hit:4 http://archive.ubuntu.com/ubuntu jammy-backports InRelease
    default: Reading package lists...
    default: Building dependency tree...
    default: Reading state information...
    default: 37 packages can be upgraded. Run 'apt list --upgradable' to see them.
    default: 
    default: WARNING: apt does not have a stable CLI interface. Use with caution in scripts.
    default: 
    default: Reading package lists...
    default: Building dependency tree...
    default: Reading state information...
    default: nginx is already the newest version (1.18.0-6ubuntu14.6).
    default: unzip is already the newest version (6.0-26ubuntu3.2).
    default: 0 upgraded, 0 newly installed, 0 to remove and 37 not upgraded.
    default: Synchronizing state of nginx.service with SysV service script with /lib/systemd/systemd-sysv-install.
    default: Executing: /lib/systemd/systemd-sysv-install enable nginx
    default: Archive:  /vagrant/scripts/site.zip
    default: 0a9f7553c86e5a75561423624b8ca32fc54910bd
    default:   inflating: /vagrant/scripts/site/startbootstrap-grayscale-gh-pages/assets/favicon.ico
    default:   inflating: /vagrant/scripts/site/startbootstrap-grayscale-gh-pages/assets/img/bg-masthead.jpg
    default:   inflating: /vagrant/scripts/site/startbootstrap-grayscale-gh-pages/assets/img/bg-signup.jpg
    default:   inflating: /vagrant/scripts/site/startbootstrap-grayscale-gh-pages/assets/img/demo-image-01.jpg
    default:   inflating: /vagrant/scripts/site/startbootstrap-grayscale-gh-pages/assets/img/demo-image-02.jpg
    default:   inflating: /vagrant/scripts/site/startbootstrap-grayscale-gh-pages/assets/img/ipad.png
    default:   inflating: /vagrant/scripts/site/startbootstrap-grayscale-gh-pages/css/styles.css
    default:   inflating: /vagrant/scripts/site/startbootstrap-grayscale-gh-pages/index.html
    default:   inflating: /vagrant/scripts/site/startbootstrap-grayscale-gh-pages/js/scripts.js
